<?xml version="1.0" encoding="UTF-8"?>
<!-- Generated by org.testng.reporters.JUnitReportReporter -->
<testsuite skipped="0" hostname="LTUS000692" name="sth.ipvs.IPVSJiraTicketTest" tests="4" failures="0" timestamp="30 Apr 2019 04:57:54 GMT" time="1.471" errors="1">
  <testcase name="SVIPVS579OTTenabled" time="0.368" classname="sth.ipvs.IPVSJiraTicketTest"/>
  <testcase name="SVIPVS657" time="0.426" classname="sth.ipvs.IPVSJiraTicketTest"/>
  <testcase name="SVIPVS547" time="0.276" classname="sth.ipvs.IPVSJiraTicketTest">
    <error type="java.lang.RuntimeException" message="error getting json data from https://pi.engnew-spectrum.net/auth/jwt/token?customerGuid=E4EDB341-C62E-E826-7D49-8514CCAB93E9&amp;requestId=SVIPVS-547:
HttpResponse:
HTTP/1.1 404 Not Found
Connection: keep-alive
Content-Length: 42
Content-Type: text/plain; charset=UTF-8
Date: Tue, 30 Apr 2019 04:57:24 GMT
Server: openresty
X-PI-Datacenter: CTEC
X-PI-Latency: 1 millisecond
x-trace-id: 440bb648ba0f-4cb3-00000000000331ce

The requested resource could not be found.">
      <![CDATA[java.lang.RuntimeException: error getting json data from https://pi.engnew-spectrum.net/auth/jwt/token?customerGuid=E4EDB341-C62E-E826-7D49-8514CCAB93E9&requestId=SVIPVS-547:
HttpResponse:
HTTP/1.1 404 Not Found
Connection: keep-alive
Content-Length: 42
Content-Type: text/plain; charset=UTF-8
Date: Tue, 30 Apr 2019 04:57:24 GMT
Server: openresty
X-PI-Datacenter: CTEC
X-PI-Latency: 1 millisecond
x-trace-id: 440bb648ba0f-4cb3-00000000000331ce

The requested resource could not be found.
at sth.ipvs.CustomRequest.getJson(CustomRequest.java:39)
at sth.ipvs.IPVSJiraTicketTest.SVIPVS547(IPVSJiraTicketTest.java:50)
at sun.reflect.NativeMethodAccessorImpl.invoke0(Native Method)
at sun.reflect.NativeMethodAccessorImpl.invoke(NativeMethodAccessorImpl.java:62)
at sun.reflect.DelegatingMethodAccessorImpl.invoke(DelegatingMethodAccessorImpl.java:43)
at java.lang.reflect.Method.invoke(Method.java:498)
at org.testng.internal.MethodInvocationHelper.invokeMethod(MethodInvocationHelper.java:124)
at org.testng.internal.Invoker.invokeMethod(Invoker.java:583)
at org.testng.internal.Invoker.invokeTestMethod(Invoker.java:719)
at org.testng.internal.Invoker.invokeTestMethods(Invoker.java:989)
at org.testng.internal.TestMethodWorker.invokeTestMethods(TestMethodWorker.java:125)
at org.testng.internal.TestMethodWorker.run(TestMethodWorker.java:109)
at org.testng.TestRunner.privateRun(TestRunner.java:648)
at org.testng.TestRunner.run(TestRunner.java:505)
at org.testng.SuiteRunner.runTest(SuiteRunner.java:455)
at org.testng.SuiteRunner.runSequentially(SuiteRunner.java:450)
at org.testng.SuiteRunner.privateRun(SuiteRunner.java:415)
at org.testng.SuiteRunner.run(SuiteRunner.java:364)
at org.testng.SuiteRunnerWorker.runSuite(SuiteRunnerWorker.java:52)
at org.testng.SuiteRunnerWorker.run(SuiteRunnerWorker.java:84)
at org.testng.TestNG.runSuitesSequentially(TestNG.java:1208)
at org.testng.TestNG.runSuitesLocally(TestNG.java:1137)
at org.testng.TestNG.runSuites(TestNG.java:1049)
at org.testng.TestNG.run(TestNG.java:1017)
at org.apache.maven.surefire.testng.TestNGExecutor.run(TestNGExecutor.java:77)
at org.apache.maven.surefire.testng.TestNGDirectoryTestSuite.executeMulti(TestNGDirectoryTestSuite.java:159)
at org.apache.maven.surefire.testng.TestNGDirectoryTestSuite.execute(TestNGDirectoryTestSuite.java:99)
at org.apache.maven.surefire.testng.TestNGProvider.invoke(TestNGProvider.java:106)
at sun.reflect.NativeMethodAccessorImpl.invoke0(Native Method)
at sun.reflect.NativeMethodAccessorImpl.invoke(NativeMethodAccessorImpl.java:62)
at sun.reflect.DelegatingMethodAccessorImpl.invoke(DelegatingMethodAccessorImpl.java:43)
at java.lang.reflect.Method.invoke(Method.java:498)
at org.apache.maven.surefire.util.ReflectionUtils.invokeMethodWithArray(ReflectionUtils.java:189)
at org.apache.maven.surefire.booter.ProviderFactory$ProviderProxy.invoke(ProviderFactory.java:165)
at org.apache.maven.surefire.booter.ProviderFactory.invokeProvider(ProviderFactory.java:85)
at org.apache.maven.surefire.booter.ForkedBooter.runSuitesInProcess(ForkedBooter.java:115)
at org.apache.maven.surefire.booter.ForkedBooter.main(ForkedBooter.java:75)
]]>
    </error>
  </testcase> <!-- SVIPVS547 -->
  <testcase name="SVIPVS579OTTdisabled" time="0.401" classname="sth.ipvs.IPVSJiraTicketTest"/>
</testsuite> <!-- sth.ipvs.IPVSJiraTicketTest -->
